<?xml version="1.0" encoding="UTF-8"?>
<testng-results ignored="0" total="6" passed="6" failed="0" skipped="0">
  <reporter-output>
  </reporter-output>
  <suite started-at="2022-07-03T16:59:54 EDT" name="Suite" finished-at="2022-07-03T17:00:05 EDT" duration-ms="11834">
    <groups>
    </groups>
    <test started-at="2022-07-03T16:59:54 EDT" name="Test" finished-at="2022-07-03T17:00:05 EDT" duration-ms="11834">
      <class name="priorites.P1">
        <test-method is-config="true" signature="enterURL()[pri:0, instance:priorites.P1@50b472aa]" started-at="2022-07-03T16:59:54 EDT" name="enterURL" finished-at="2022-07-03T16:59:56 EDT" duration-ms="1953" status="PASS">
          <reporter-output>
          </reporter-output>
        </test-method> <!-- enterURL -->
        <test-method signature="login()[pri:0, instance:priorites.P1@50b472aa]" started-at="2022-07-03T16:59:56 EDT" name="login" finished-at="2022-07-03T16:59:56 EDT" duration-ms="323" status="PASS">
          <reporter-output>
          </reporter-output>
        </test-method> <!-- login -->
        <test-method is-config="true" signature="closeBrowser()[pri:0, instance:priorites.P1@50b472aa]" started-at="2022-07-03T16:59:56 EDT" name="closeBrowser" finished-at="2022-07-03T16:59:56 EDT" duration-ms="267" status="PASS">
          <reporter-output>
          </reporter-output>
        </test-method> <!-- closeBrowser -->
        <test-method is-config="true" signature="enterURL()[pri:0, instance:priorites.P1@50b472aa]" started-at="2022-07-03T16:59:56 EDT" name="enterURL" finished-at="2022-07-03T16:59:57 EDT" duration-ms="1220" status="PASS">
          <reporter-output>
          </reporter-output>
        </test-method> <!-- enterURL -->
        <test-method signature="getTiltle()[pri:2, instance:priorites.P1@50b472aa]" started-at="2022-07-03T16:59:57 EDT" name="getTiltle" finished-at="2022-07-03T16:59:57 EDT" duration-ms="11" status="PASS">
          <reporter-output>
          </reporter-output>
        </test-method> <!-- getTiltle -->
        <test-method is-config="true" signature="closeBrowser()[pri:0, instance:priorites.P1@50b472aa]" started-at="2022-07-03T16:59:57 EDT" name="closeBrowser" finished-at="2022-07-03T16:59:58 EDT" duration-ms="304" status="PASS">
          <reporter-output>
          </reporter-output>
        </test-method> <!-- closeBrowser -->
        <test-method is-config="true" signature="enterURL()[pri:0, instance:priorites.P1@50b472aa]" started-at="2022-07-03T16:59:58 EDT" name="enterURL" finished-at="2022-07-03T16:59:59 EDT" duration-ms="1494" status="PASS">
          <reporter-output>
          </reporter-output>
        </test-method> <!-- enterURL -->
        <test-method signature="getLogo()[pri:5, instance:priorites.P1@50b472aa]" started-at="2022-07-03T16:59:59 EDT" name="getLogo" finished-at="2022-07-03T16:59:59 EDT" duration-ms="67" status="PASS">
          <reporter-output>
          </reporter-output>
        </test-method> <!-- getLogo -->
        <test-method is-config="true" signature="closeBrowser()[pri:0, instance:priorites.P1@50b472aa]" started-at="2022-07-03T16:59:59 EDT" name="closeBrowser" finished-at="2022-07-03T17:00:00 EDT" duration-ms="293" status="PASS">
          <reporter-output>
          </reporter-output>
        </test-method> <!-- closeBrowser -->
      </class> <!-- priorites.P1 -->
      <class name="priorites.P2">
        <test-method is-config="true" signature="enterURL()[pri:0, instance:priorites.P2@56620197]" started-at="2022-07-03T17:00:00 EDT" name="enterURL" finished-at="2022-07-03T17:00:01 EDT" duration-ms="1568" status="PASS">
          <reporter-output>
          </reporter-output>
        </test-method> <!-- enterURL -->
        <test-method signature="login()[pri:1, instance:priorites.P2@56620197]" started-at="2022-07-03T17:00:01 EDT" name="login" finished-at="2022-07-03T17:00:02 EDT" duration-ms="456" status="PASS">
          <reporter-output>
          </reporter-output>
        </test-method> <!-- login -->
        <test-method is-config="true" signature="closeBrowser()[pri:0, instance:priorites.P2@56620197]" started-at="2022-07-03T17:00:02 EDT" name="closeBrowser" finished-at="2022-07-03T17:00:02 EDT" duration-ms="310" status="PASS">
          <reporter-output>
          </reporter-output>
        </test-method> <!-- closeBrowser -->
        <test-method is-config="true" signature="enterURL()[pri:0, instance:priorites.P2@56620197]" started-at="2022-07-03T17:00:02 EDT" name="enterURL" finished-at="2022-07-03T17:00:03 EDT" duration-ms="1467" status="PASS">
          <reporter-output>
          </reporter-output>
        </test-method> <!-- enterURL -->
        <test-method signature="getTiltle()[pri:3, instance:priorites.P2@56620197]" started-at="2022-07-03T17:00:03 EDT" name="getTiltle" finished-at="2022-07-03T17:00:03 EDT" duration-ms="11" status="PASS">
          <reporter-output>
          </reporter-output>
        </test-method> <!-- getTiltle -->
        <test-method is-config="true" signature="closeBrowser()[pri:0, instance:priorites.P2@56620197]" started-at="2022-07-03T17:00:03 EDT" name="closeBrowser" finished-at="2022-07-03T17:00:04 EDT" duration-ms="255" status="PASS">
          <reporter-output>
          </reporter-output>
        </test-method> <!-- closeBrowser -->
        <test-method is-config="true" signature="enterURL()[pri:0, instance:priorites.P2@56620197]" started-at="2022-07-03T17:00:04 EDT" name="enterURL" finished-at="2022-07-03T17:00:05 EDT" duration-ms="1476" status="PASS">
          <reporter-output>
          </reporter-output>
        </test-method> <!-- enterURL -->
        <test-method signature="getLogo()[pri:4, instance:priorites.P2@56620197]" started-at="2022-07-03T17:00:05 EDT" name="getLogo" finished-at="2022-07-03T17:00:05 EDT" duration-ms="50" status="PASS">
          <reporter-output>
          </reporter-output>
        </test-method> <!-- getLogo -->
        <test-method is-config="true" signature="closeBrowser()[pri:0, instance:priorites.P2@56620197]" started-at="2022-07-03T17:00:05 EDT" name="closeBrowser" finished-at="2022-07-03T17:00:05 EDT" duration-ms="249" status="PASS">
          <reporter-output>
          </reporter-output>
        </test-method> <!-- closeBrowser -->
      </class> <!-- priorites.P2 -->
    </test> <!-- Test -->
  </suite> <!-- Suite -->
</testng-results>
