<?xml version="1.0" encoding="UTF-8"?>
<!-- Generated by org.testng.reporters.JUnitXMLReporter -->
<testsuite ignored="0" hostname="DESKTOP-D6DO249" failures="0" tests="6" name="Test" time="11.834" errors="0" timestamp="2022-07-03T17:00:05 EDT">
  <testcase classname="priorites.P1" name="login" time="0.323"/>
  <testcase classname="priorites.P1" name="getTiltle" time="0.011"/>
  <testcase classname="priorites.P1" name="getLogo" time="0.067"/>
  <testcase classname="priorites.P2" name="login" time="0.456"/>
  <testcase classname="priorites.P2" name="getTiltle" time="0.011"/>
  <testcase classname="priorites.P2" name="getLogo" time="0.05"/>
</testsuite> <!-- Test -->
